<?xml version="1.0" encoding="UTF-8"?>
<testng-results skipped="0" failed="0" total="2" passed="2">
  <reporter-output>
  </reporter-output>
  <suite name="DealerPath Application Automation Test Suite" duration-ms="56575" started-at="2018-09-27T07:26:48Z" finished-at="2018-09-27T07:27:45Z">
    <groups>
    </groups>
    <test name="Dealer Path Login" duration-ms="56575" started-at="2018-09-27T07:26:48Z" finished-at="2018-09-27T07:27:45Z">
      <class name="com.deere.Helpers.Invoke_WCM">
        <test-method status="PASS" signature="systemConfigSetup()[pri:0, instance:com.deere.Helpers.Invoke_WCM@e45f292]" name="systemConfigSetup" is-config="true" duration-ms="6203" started-at="2018-09-27T12:56:48Z" finished-at="2018-09-27T12:56:54Z">
          <reporter-output>
          </reporter-output>
        </test-method> <!-- systemConfigSetup -->
        <test-method status="PASS" signature="invokeUserCredentials()[pri:0, instance:com.deere.Helpers.Invoke_WCM@e45f292]" name="invokeUserCredentials" duration-ms="30282" started-at="2018-09-27T12:56:54Z" finished-at="2018-09-27T12:57:25Z">
          <reporter-output>
          </reporter-output>
        </test-method> <!-- invokeUserCredentials -->
        <test-method status="PASS" signature="moveToAlert()[pri:0, instance:com.deere.Helpers.Invoke_WCM@e45f292]" name="moveToAlert" duration-ms="20072" started-at="2018-09-27T12:57:25Z" finished-at="2018-09-27T12:57:45Z">
          <reporter-output>
          </reporter-output>
        </test-method> <!-- moveToAlert -->
      </class> <!-- com.deere.Helpers.Invoke_WCM -->
    </test> <!-- Dealer Path Login -->
  </suite> <!-- DealerPath Application Automation Test Suite -->
</testng-results>
